<?xml version="1.0" encoding="UTF-8"?>
<testng-results skipped="0" failed="0" total="1" passed="1">
  <reporter-output>
  </reporter-output>
  <suite name="Default suite" duration-ms="131" started-at="2016-03-09T03:04:26Z" finished-at="2016-03-09T03:04:26Z">
    <groups>
    </groups>
    <test name="Default test" duration-ms="131" started-at="2016-03-09T03:04:26Z" finished-at="2016-03-09T03:04:26Z">
      <class name="com.lili.activemq.mqConsumerTest">
        <test-method status="PASS" signature="f()[pri:0, instance:com.lili.activemq.mqConsumerTest@5d1ae567]" name="f" duration-ms="56" started-at="2016-03-09T11:04:26Z" finished-at="2016-03-09T11:04:26Z">
          <reporter-output>
          </reporter-output>
        </test-method> <!-- f -->
      </class> <!-- com.lili.activemq.mqConsumerTest -->
    </test> <!-- Default test -->
  </suite> <!-- Default suite -->
</testng-results>
